\BOOKMARK [0][-]{part.1}{\376\377\000I\000\040\144\130\211\201}{}% 1
\BOOKMARK [0][-]{part.2}{\376\377\000I\000I\000\040\127\372\147\054\122\237\200\375\220\350\122\006}{}% 2
\BOOKMARK [1][-]{section.1}{\376\377\154\024\166\204\213\241\173\227}{part.2}% 3
\BOOKMARK [1][-]{section.2}{\376\377\176\310\134\100\122\044\133\232}{part.2}% 4
\BOOKMARK [0][-]{part.3}{\376\377\000I\000I\000I\000\040\147\072\126\150\173\227\154\325\220\350\122\006}{}% 5
\BOOKMARK [1][-]{section.3}{\376\377\215\037\147\201\131\047\120\074\173\227\154\325}{part.3}% 6
\BOOKMARK [1][-]{section.4}{\376\377\000M\000C\000T\000S\173\227\154\325}{part.3}% 7
\BOOKMARK [1][-]{section.5}{\376\377\133\236\226\105\172\013\136\217\173\227\154\325\162\171\160\271}{part.3}% 8
\BOOKMARK [0][-]{part.4}{\376\377\000I\000V\000\040\116\244\116\222\165\114\227\142\220\350\122\006}{}% 9
\BOOKMARK [1][-]{section.6}{\376\377\176\310\172\357\116\244\116\222\165\114\227\142}{part.4}% 10
\BOOKMARK [2][-]{subsection.6.1}{\376\377\127\372\147\054\152\041\137\017}{section.6}% 11
\BOOKMARK [3][-]{subsubsection.6.1.1}{\376\377\116\272\147\072\133\371\142\030\152\041\137\017}{subsection.6.1}% 12
\BOOKMARK [3][-]{subsubsection.6.1.2}{\376\377\211\302\167\013\000A\000I\133\371\142\030}{subsection.6.1}% 13
\BOOKMARK [3][-]{subsubsection.6.1.3}{\376\377\116\272\116\272\133\371\142\030\152\041\137\017}{subsection.6.1}% 14
\BOOKMARK [2][-]{subsection.6.2}{\376\377\217\205\122\251\122\237\200\375}{section.6}% 15
\BOOKMARK [3][-]{subsubsection.6.2.1}{\376\377\203\334\123\125\165\114\227\142}{subsection.6.2}% 16
\BOOKMARK [3][-]{subsubsection.6.2.2}{\376\377\146\172\200\375\143\320\171\072}{subsection.6.2}% 17
\BOOKMARK [1][-]{section.7}{\376\377\126\376\137\142\116\244\116\222\165\114\227\142}{part.4}% 18
\BOOKMARK [2][-]{subsection.7.1}{\376\377\165\114\227\142\134\125\171\072}{section.7}% 19
\BOOKMARK [2][-]{subsection.7.2}{\376\377\116\343\170\001\133\236\163\260}{section.7}% 20
\BOOKMARK [0][-]{part.5}{\376\377\000V\000\040\140\073\176\323}{}% 21
